<?xml version="1.0" encoding="UTF-8"?>
<testng-results ignored="0" total="1" passed="1" failed="0" skipped="0">
  <reporter-output>
  </reporter-output>
  <suite started-at="2020-09-20T22:03:54 EDT" name="Default suite" finished-at="2020-09-20T22:03:56 EDT" duration-ms="2290">
    <groups>
    </groups>
    <test started-at="2020-09-20T22:03:54 EDT" name="Default test" finished-at="2020-09-20T22:03:56 EDT" duration-ms="2290">
      <class name="Test_DELETE">
        <test-method signature="test_4_delete()[pri:0, instance:Test_DELETE@23986957]" started-at="2020-09-20T22:03:54 EDT" name="test_4_delete" finished-at="2020-09-20T22:03:56 EDT" duration-ms="2254" status="PASS">
          <reporter-output>
          </reporter-output>
        </test-method> <!-- test_4_delete -->
      </class> <!-- Test_DELETE -->
    </test> <!-- Default test -->
  </suite> <!-- Default suite -->
</testng-results>
